终端机在文法中未使用

    T_STRING
    PLUASS
    MINASS
    MULASS
    DIVASS
    LBRACK
    RBRACK
    BOOL


语法

    0 $accept: program $end

    1 program: T ID LPAREN RPAREN statements

    2 statements: statement
    3           | statements statement

    4 statement: SEMI
    5          | declaration SEMI
    6          | RETURN expr SEMI
    7          | IF LPAREN expr RPAREN statement ELSE statement
    8          | IF LPAREN expr RPAREN statement
    9          | WHILE LPAREN expr RPAREN statement
   10          | forstmt
   11          | PRINTF LPAREN expr RPAREN SEMI
   12          | SCANF LPAREN ID RPAREN SEMI
   13          | lb statements rb
   14          | exprstmt
   15          | lb rb

   16 forstmt: FOR LPAREN statement boolstmt exprassign RPAREN statement
   17        | FOR LPAREN statement boolstmt RPAREN statement

   18 boolstmt: boolexpr SEMI
   19         | SEMI

   20 exprstmt: expr SEMI

   21 lb: LBRACE

   22 rb: RBRACE

   23 declaration: T ID ASSIGN expr
   24            | T idlist

   25 idlist: idlist COMMA ID
   26       | ID

   27 expr: ID
   28     | INTEGER
   29     | CHAR
   30     | STRING
   31     | expr PLUS expr
   32     | expr MINUS expr
   33     | expr MUL expr
   34     | expr DIV expr
   35     | expr MOD expr
   36     | boolexpr
   37     | exprassign
   38     | MINUS expr
   39     | PLUS expr

   40 boolexpr: expr AND expr
   41         | expr OR expr
   42         | NOT expr
   43         | expr LOEOP expr
   44         | expr GOEOP expr
   45         | expr LESSOP expr
   46         | expr GREOP expr
   47         | expr EQOP expr
   48         | expr NEQOP expr

   49 exprassign: ID ASSIGN expr

   50 T: T_INT
   51  | T_CHAR
   52  | T_BOOL
   53  | T_VOID


终结语词，附有它们出现处的规则

    $end (0) 0
    error (256)
    T_CHAR (258) 51
    T_INT (259) 50
    T_STRING (260)
    T_BOOL (261) 52
    T_VOID (262) 53
    RETURN (263) 6
    IF (264) 7 8
    ELSE (265) 7
    WHILE (266) 9
    FOR (267) 16 17
    PLUASS (268)
    MINASS (269)
    MULASS (270)
    DIVASS (271)
    PLUS (272) 31 39
    MINUS (273) 32 38
    SEMI (274) 4 5 6 11 12 18 19 20
    COMMA (275) 25
    ASSIGN (276) 23 49
    LOEOP (277) 43
    GOEOP (278) 44
    GREOP (279) 46
    LESSOP (280) 45
    EQOP (281) 47
    NEQOP (282) 48
    MUL (283) 33
    DIV (284) 34
    MOD (285) 35
    AND (286) 40
    OR (287) 41
    NOT (288) 42
    LPAREN (289) 1 7 8 9 11 12 16 17
    RPAREN (290) 1 7 8 9 11 12 16 17
    LBRACK (291)
    RBRACK (292)
    LBRACE (293) 21
    RBRACE (294) 22
    PRINTF (295) 11
    SCANF (296) 12
    ID (297) 1 12 23 25 26 27 49
    INTEGER (298) 28
    CHAR (299) 29
    BOOL (300)
    STRING (301) 30
    UMINUS (302)
    UPLUS (303)
    LOWER_THEN_ELSE (304)


非终结语词，附有它们出现处的规则

    $accept (50)
        on left: 0
    program (51)
        on left: 1
        on right: 0
    statements (52)
        on left: 2 3
        on right: 1 3 13
    statement (53)
        on left: 4 5 6 7 8 9 10 11 12 13 14 15
        on right: 2 3 7 8 9 16 17
    forstmt (54)
        on left: 16 17
        on right: 10
    boolstmt (55)
        on left: 18 19
        on right: 16 17
    exprstmt (56)
        on left: 20
        on right: 14
    lb (57)
        on left: 21
        on right: 13 15
    rb (58)
        on left: 22
        on right: 13 15
    declaration (59)
        on left: 23 24
        on right: 5
    idlist (60)
        on left: 25 26
        on right: 24 25
    expr (61)
        on left: 27 28 29 30 31 32 33 34 35 36 37 38 39
        on right: 6 7 8 9 11 20 23 31 32 33 34 35 38 39 40 41 42 43 44 45 46 47 48 49
    boolexpr (62)
        on left: 40 41 42 43 44 45 46 47 48
        on right: 18 36
    exprassign (63)
        on left: 49
        on right: 16 37
    T (64)
        on left: 50 51 52 53
        on right: 1 23 24


状态 0

    0 $accept: . program $end

    T_CHAR  偏移，并进入状态 1
    T_INT   偏移，并进入状态 2
    T_BOOL  偏移，并进入状态 3
    T_VOID  偏移，并进入状态 4

    program  转到状态 5
    T        转到状态 6


状态 1

   51 T: T_CHAR .

    $default  使用规则 51 以归约 (T)


状态 2

   50 T: T_INT .

    $default  使用规则 50 以归约 (T)


状态 3

   52 T: T_BOOL .

    $default  使用规则 52 以归约 (T)


状态 4

   53 T: T_VOID .

    $default  使用规则 53 以归约 (T)


状态 5

    0 $accept: program . $end

    $end  偏移，并进入状态 7


状态 6

    1 program: T . ID LPAREN RPAREN statements

    ID  偏移，并进入状态 8


状态 7

    0 $accept: program $end .

    $default  接受


状态 8

    1 program: T ID . LPAREN RPAREN statements

    LPAREN  偏移，并进入状态 9


状态 9

    1 program: T ID LPAREN . RPAREN statements

    RPAREN  偏移，并进入状态 10


状态 10

    1 program: T ID LPAREN RPAREN . statements

    T_CHAR   偏移，并进入状态 1
    T_INT    偏移，并进入状态 2
    T_BOOL   偏移，并进入状态 3
    T_VOID   偏移，并进入状态 4
    RETURN   偏移，并进入状态 11
    IF       偏移，并进入状态 12
    WHILE    偏移，并进入状态 13
    FOR      偏移，并进入状态 14
    PLUS     偏移，并进入状态 15
    MINUS    偏移，并进入状态 16
    SEMI     偏移，并进入状态 17
    NOT      偏移，并进入状态 18
    LBRACE   偏移，并进入状态 19
    PRINTF   偏移，并进入状态 20
    SCANF    偏移，并进入状态 21
    ID       偏移，并进入状态 22
    INTEGER  偏移，并进入状态 23
    CHAR     偏移，并进入状态 24
    STRING   偏移，并进入状态 25

    statements   转到状态 26
    statement    转到状态 27
    forstmt      转到状态 28
    exprstmt     转到状态 29
    lb           转到状态 30
    declaration  转到状态 31
    expr         转到状态 32
    boolexpr     转到状态 33
    exprassign   转到状态 34
    T            转到状态 35


状态 11

    6 statement: RETURN . expr SEMI

    PLUS     偏移，并进入状态 15
    MINUS    偏移，并进入状态 16
    NOT      偏移，并进入状态 18
    ID       偏移，并进入状态 22
    INTEGER  偏移，并进入状态 23
    CHAR     偏移，并进入状态 24
    STRING   偏移，并进入状态 25

    expr        转到状态 36
    boolexpr    转到状态 33
    exprassign  转到状态 34


状态 12

    7 statement: IF . LPAREN expr RPAREN statement ELSE statement
    8          | IF . LPAREN expr RPAREN statement

    LPAREN  偏移，并进入状态 37


状态 13

    9 statement: WHILE . LPAREN expr RPAREN statement

    LPAREN  偏移，并进入状态 38


状态 14

   16 forstmt: FOR . LPAREN statement boolstmt exprassign RPAREN statement
   17        | FOR . LPAREN statement boolstmt RPAREN statement

    LPAREN  偏移，并进入状态 39


状态 15

   39 expr: PLUS . expr

    PLUS     偏移，并进入状态 15
    MINUS    偏移，并进入状态 16
    NOT      偏移，并进入状态 18
    ID       偏移，并进入状态 22
    INTEGER  偏移，并进入状态 23
    CHAR     偏移，并进入状态 24
    STRING   偏移，并进入状态 25

    expr        转到状态 40
    boolexpr    转到状态 33
    exprassign  转到状态 34


状态 16

   38 expr: MINUS . expr

    PLUS     偏移，并进入状态 15
    MINUS    偏移，并进入状态 16
    NOT      偏移，并进入状态 18
    ID       偏移，并进入状态 22
    INTEGER  偏移，并进入状态 23
    CHAR     偏移，并进入状态 24
    STRING   偏移，并进入状态 25

    expr        转到状态 41
    boolexpr    转到状态 33
    exprassign  转到状态 34


状态 17

    4 statement: SEMI .

    $default  使用规则 4 以归约 (statement)


状态 18

   42 boolexpr: NOT . expr

    PLUS     偏移，并进入状态 15
    MINUS    偏移，并进入状态 16
    NOT      偏移，并进入状态 18
    ID       偏移，并进入状态 22
    INTEGER  偏移，并进入状态 23
    CHAR     偏移，并进入状态 24
    STRING   偏移，并进入状态 25

    expr        转到状态 42
    boolexpr    转到状态 33
    exprassign  转到状态 34


状态 19

   21 lb: LBRACE .

    $default  使用规则 21 以归约 (lb)


状态 20

   11 statement: PRINTF . LPAREN expr RPAREN SEMI

    LPAREN  偏移，并进入状态 43


状态 21

   12 statement: SCANF . LPAREN ID RPAREN SEMI

    LPAREN  偏移，并进入状态 44


状态 22

   27 expr: ID .
   49 exprassign: ID . ASSIGN expr

    ASSIGN  偏移，并进入状态 45

    $default  使用规则 27 以归约 (expr)


状态 23

   28 expr: INTEGER .

    $default  使用规则 28 以归约 (expr)


状态 24

   29 expr: CHAR .

    $default  使用规则 29 以归约 (expr)


状态 25

   30 expr: STRING .

    $default  使用规则 30 以归约 (expr)


状态 26

    1 program: T ID LPAREN RPAREN statements .
    3 statements: statements . statement

    T_CHAR   偏移，并进入状态 1
    T_INT    偏移，并进入状态 2
    T_BOOL   偏移，并进入状态 3
    T_VOID   偏移，并进入状态 4
    RETURN   偏移，并进入状态 11
    IF       偏移，并进入状态 12
    WHILE    偏移，并进入状态 13
    FOR      偏移，并进入状态 14
    PLUS     偏移，并进入状态 15
    MINUS    偏移，并进入状态 16
    SEMI     偏移，并进入状态 17
    NOT      偏移，并进入状态 18
    LBRACE   偏移，并进入状态 19
    PRINTF   偏移，并进入状态 20
    SCANF    偏移，并进入状态 21
    ID       偏移，并进入状态 22
    INTEGER  偏移，并进入状态 23
    CHAR     偏移，并进入状态 24
    STRING   偏移，并进入状态 25

    $default  使用规则 1 以归约 (program)

    statement    转到状态 46
    forstmt      转到状态 28
    exprstmt     转到状态 29
    lb           转到状态 30
    declaration  转到状态 31
    expr         转到状态 32
    boolexpr     转到状态 33
    exprassign   转到状态 34
    T            转到状态 35


状态 27

    2 statements: statement .

    $default  使用规则 2 以归约 (statements)


状态 28

   10 statement: forstmt .

    $default  使用规则 10 以归约 (statement)


状态 29

   14 statement: exprstmt .

    $default  使用规则 14 以归约 (statement)


状态 30

   13 statement: lb . statements rb
   15          | lb . rb

    T_CHAR   偏移，并进入状态 1
    T_INT    偏移，并进入状态 2
    T_BOOL   偏移，并进入状态 3
    T_VOID   偏移，并进入状态 4
    RETURN   偏移，并进入状态 11
    IF       偏移，并进入状态 12
    WHILE    偏移，并进入状态 13
    FOR      偏移，并进入状态 14
    PLUS     偏移，并进入状态 15
    MINUS    偏移，并进入状态 16
    SEMI     偏移，并进入状态 17
    NOT      偏移，并进入状态 18
    LBRACE   偏移，并进入状态 19
    RBRACE   偏移，并进入状态 47
    PRINTF   偏移，并进入状态 20
    SCANF    偏移，并进入状态 21
    ID       偏移，并进入状态 22
    INTEGER  偏移，并进入状态 23
    CHAR     偏移，并进入状态 24
    STRING   偏移，并进入状态 25

    statements   转到状态 48
    statement    转到状态 27
    forstmt      转到状态 28
    exprstmt     转到状态 29
    lb           转到状态 30
    rb           转到状态 49
    declaration  转到状态 31
    expr         转到状态 32
    boolexpr     转到状态 33
    exprassign   转到状态 34
    T            转到状态 35


状态 31

    5 statement: declaration . SEMI

    SEMI  偏移，并进入状态 50


状态 32

   20 exprstmt: expr . SEMI
   31 expr: expr . PLUS expr
   32     | expr . MINUS expr
   33     | expr . MUL expr
   34     | expr . DIV expr
   35     | expr . MOD expr
   40 boolexpr: expr . AND expr
   41         | expr . OR expr
   43         | expr . LOEOP expr
   44         | expr . GOEOP expr
   45         | expr . LESSOP expr
   46         | expr . GREOP expr
   47         | expr . EQOP expr
   48         | expr . NEQOP expr

    PLUS    偏移，并进入状态 51
    MINUS   偏移，并进入状态 52
    SEMI    偏移，并进入状态 53
    LOEOP   偏移，并进入状态 54
    GOEOP   偏移，并进入状态 55
    GREOP   偏移，并进入状态 56
    LESSOP  偏移，并进入状态 57
    EQOP    偏移，并进入状态 58
    NEQOP   偏移，并进入状态 59
    MUL     偏移，并进入状态 60
    DIV     偏移，并进入状态 61
    MOD     偏移，并进入状态 62
    AND     偏移，并进入状态 63
    OR      偏移，并进入状态 64


状态 33

   36 expr: boolexpr .

    $default  使用规则 36 以归约 (expr)


状态 34

   37 expr: exprassign .

    $default  使用规则 37 以归约 (expr)


状态 35

   23 declaration: T . ID ASSIGN expr
   24            | T . idlist

    ID  偏移，并进入状态 65

    idlist  转到状态 66


状态 36

    6 statement: RETURN expr . SEMI
   31 expr: expr . PLUS expr
   32     | expr . MINUS expr
   33     | expr . MUL expr
   34     | expr . DIV expr
   35     | expr . MOD expr
   40 boolexpr: expr . AND expr
   41         | expr . OR expr
   43         | expr . LOEOP expr
   44         | expr . GOEOP expr
   45         | expr . LESSOP expr
   46         | expr . GREOP expr
   47         | expr . EQOP expr
   48         | expr . NEQOP expr

    PLUS    偏移，并进入状态 51
    MINUS   偏移，并进入状态 52
    SEMI    偏移，并进入状态 67
    LOEOP   偏移，并进入状态 54
    GOEOP   偏移，并进入状态 55
    GREOP   偏移，并进入状态 56
    LESSOP  偏移，并进入状态 57
    EQOP    偏移，并进入状态 58
    NEQOP   偏移，并进入状态 59
    MUL     偏移，并进入状态 60
    DIV     偏移，并进入状态 61
    MOD     偏移，并进入状态 62
    AND     偏移，并进入状态 63
    OR      偏移，并进入状态 64


状态 37

    7 statement: IF LPAREN . expr RPAREN statement ELSE statement
    8          | IF LPAREN . expr RPAREN statement

    PLUS     偏移，并进入状态 15
    MINUS    偏移，并进入状态 16
    NOT      偏移，并进入状态 18
    ID       偏移，并进入状态 22
    INTEGER  偏移，并进入状态 23
    CHAR     偏移，并进入状态 24
    STRING   偏移，并进入状态 25

    expr        转到状态 68
    boolexpr    转到状态 33
    exprassign  转到状态 34


状态 38

    9 statement: WHILE LPAREN . expr RPAREN statement

    PLUS     偏移，并进入状态 15
    MINUS    偏移，并进入状态 16
    NOT      偏移，并进入状态 18
    ID       偏移，并进入状态 22
    INTEGER  偏移，并进入状态 23
    CHAR     偏移，并进入状态 24
    STRING   偏移，并进入状态 25

    expr        转到状态 69
    boolexpr    转到状态 33
    exprassign  转到状态 34


状态 39

   16 forstmt: FOR LPAREN . statement boolstmt exprassign RPAREN statement
   17        | FOR LPAREN . statement boolstmt RPAREN statement

    T_CHAR   偏移，并进入状态 1
    T_INT    偏移，并进入状态 2
    T_BOOL   偏移，并进入状态 3
    T_VOID   偏移，并进入状态 4
    RETURN   偏移，并进入状态 11
    IF       偏移，并进入状态 12
    WHILE    偏移，并进入状态 13
    FOR      偏移，并进入状态 14
    PLUS     偏移，并进入状态 15
    MINUS    偏移，并进入状态 16
    SEMI     偏移，并进入状态 17
    NOT      偏移，并进入状态 18
    LBRACE   偏移，并进入状态 19
    PRINTF   偏移，并进入状态 20
    SCANF    偏移，并进入状态 21
    ID       偏移，并进入状态 22
    INTEGER  偏移，并进入状态 23
    CHAR     偏移，并进入状态 24
    STRING   偏移，并进入状态 25

    statement    转到状态 70
    forstmt      转到状态 28
    exprstmt     转到状态 29
    lb           转到状态 30
    declaration  转到状态 31
    expr         转到状态 32
    boolexpr     转到状态 33
    exprassign   转到状态 34
    T            转到状态 35


状态 40

   31 expr: expr . PLUS expr
   32     | expr . MINUS expr
   33     | expr . MUL expr
   34     | expr . DIV expr
   35     | expr . MOD expr
   39     | PLUS expr .
   40 boolexpr: expr . AND expr
   41         | expr . OR expr
   43         | expr . LOEOP expr
   44         | expr . GOEOP expr
   45         | expr . LESSOP expr
   46         | expr . GREOP expr
   47         | expr . EQOP expr
   48         | expr . NEQOP expr

    $default  使用规则 39 以归约 (expr)


状态 41

   31 expr: expr . PLUS expr
   32     | expr . MINUS expr
   33     | expr . MUL expr
   34     | expr . DIV expr
   35     | expr . MOD expr
   38     | MINUS expr .
   40 boolexpr: expr . AND expr
   41         | expr . OR expr
   43         | expr . LOEOP expr
   44         | expr . GOEOP expr
   45         | expr . LESSOP expr
   46         | expr . GREOP expr
   47         | expr . EQOP expr
   48         | expr . NEQOP expr

    $default  使用规则 38 以归约 (expr)


状态 42

   31 expr: expr . PLUS expr
   32     | expr . MINUS expr
   33     | expr . MUL expr
   34     | expr . DIV expr
   35     | expr . MOD expr
   40 boolexpr: expr . AND expr
   41         | expr . OR expr
   42         | NOT expr .
   43         | expr . LOEOP expr
   44         | expr . GOEOP expr
   45         | expr . LESSOP expr
   46         | expr . GREOP expr
   47         | expr . EQOP expr
   48         | expr . NEQOP expr

    $default  使用规则 42 以归约 (boolexpr)


状态 43

   11 statement: PRINTF LPAREN . expr RPAREN SEMI

    PLUS     偏移，并进入状态 15
    MINUS    偏移，并进入状态 16
    NOT      偏移，并进入状态 18
    ID       偏移，并进入状态 22
    INTEGER  偏移，并进入状态 23
    CHAR     偏移，并进入状态 24
    STRING   偏移，并进入状态 25

    expr        转到状态 71
    boolexpr    转到状态 33
    exprassign  转到状态 34


状态 44

   12 statement: SCANF LPAREN . ID RPAREN SEMI

    ID  偏移，并进入状态 72


状态 45

   49 exprassign: ID ASSIGN . expr

    PLUS     偏移，并进入状态 15
    MINUS    偏移，并进入状态 16
    NOT      偏移，并进入状态 18
    ID       偏移，并进入状态 22
    INTEGER  偏移，并进入状态 23
    CHAR     偏移，并进入状态 24
    STRING   偏移，并进入状态 25

    expr        转到状态 73
    boolexpr    转到状态 33
    exprassign  转到状态 34


状态 46

    3 statements: statements statement .

    $default  使用规则 3 以归约 (statements)


状态 47

   22 rb: RBRACE .

    $default  使用规则 22 以归约 (rb)


状态 48

    3 statements: statements . statement
   13 statement: lb statements . rb

    T_CHAR   偏移，并进入状态 1
    T_INT    偏移，并进入状态 2
    T_BOOL   偏移，并进入状态 3
    T_VOID   偏移，并进入状态 4
    RETURN   偏移，并进入状态 11
    IF       偏移，并进入状态 12
    WHILE    偏移，并进入状态 13
    FOR      偏移，并进入状态 14
    PLUS     偏移，并进入状态 15
    MINUS    偏移，并进入状态 16
    SEMI     偏移，并进入状态 17
    NOT      偏移，并进入状态 18
    LBRACE   偏移，并进入状态 19
    RBRACE   偏移，并进入状态 47
    PRINTF   偏移，并进入状态 20
    SCANF    偏移，并进入状态 21
    ID       偏移，并进入状态 22
    INTEGER  偏移，并进入状态 23
    CHAR     偏移，并进入状态 24
    STRING   偏移，并进入状态 25

    statement    转到状态 46
    forstmt      转到状态 28
    exprstmt     转到状态 29
    lb           转到状态 30
    rb           转到状态 74
    declaration  转到状态 31
    expr         转到状态 32
    boolexpr     转到状态 33
    exprassign   转到状态 34
    T            转到状态 35


状态 49

   15 statement: lb rb .

    $default  使用规则 15 以归约 (statement)


状态 50

    5 statement: declaration SEMI .

    $default  使用规则 5 以归约 (statement)


状态 51

   31 expr: expr PLUS . expr

    PLUS     偏移，并进入状态 15
    MINUS    偏移，并进入状态 16
    NOT      偏移，并进入状态 18
    ID       偏移，并进入状态 22
    INTEGER  偏移，并进入状态 23
    CHAR     偏移，并进入状态 24
    STRING   偏移，并进入状态 25

    expr        转到状态 75
    boolexpr    转到状态 33
    exprassign  转到状态 34


状态 52

   32 expr: expr MINUS . expr

    PLUS     偏移，并进入状态 15
    MINUS    偏移，并进入状态 16
    NOT      偏移，并进入状态 18
    ID       偏移，并进入状态 22
    INTEGER  偏移，并进入状态 23
    CHAR     偏移，并进入状态 24
    STRING   偏移，并进入状态 25

    expr        转到状态 76
    boolexpr    转到状态 33
    exprassign  转到状态 34


状态 53

   20 exprstmt: expr SEMI .

    $default  使用规则 20 以归约 (exprstmt)


状态 54

   43 boolexpr: expr LOEOP . expr

    PLUS     偏移，并进入状态 15
    MINUS    偏移，并进入状态 16
    NOT      偏移，并进入状态 18
    ID       偏移，并进入状态 22
    INTEGER  偏移，并进入状态 23
    CHAR     偏移，并进入状态 24
    STRING   偏移，并进入状态 25

    expr        转到状态 77
    boolexpr    转到状态 33
    exprassign  转到状态 34


状态 55

   44 boolexpr: expr GOEOP . expr

    PLUS     偏移，并进入状态 15
    MINUS    偏移，并进入状态 16
    NOT      偏移，并进入状态 18
    ID       偏移，并进入状态 22
    INTEGER  偏移，并进入状态 23
    CHAR     偏移，并进入状态 24
    STRING   偏移，并进入状态 25

    expr        转到状态 78
    boolexpr    转到状态 33
    exprassign  转到状态 34


状态 56

   46 boolexpr: expr GREOP . expr

    PLUS     偏移，并进入状态 15
    MINUS    偏移，并进入状态 16
    NOT      偏移，并进入状态 18
    ID       偏移，并进入状态 22
    INTEGER  偏移，并进入状态 23
    CHAR     偏移，并进入状态 24
    STRING   偏移，并进入状态 25

    expr        转到状态 79
    boolexpr    转到状态 33
    exprassign  转到状态 34


状态 57

   45 boolexpr: expr LESSOP . expr

    PLUS     偏移，并进入状态 15
    MINUS    偏移，并进入状态 16
    NOT      偏移，并进入状态 18
    ID       偏移，并进入状态 22
    INTEGER  偏移，并进入状态 23
    CHAR     偏移，并进入状态 24
    STRING   偏移，并进入状态 25

    expr        转到状态 80
    boolexpr    转到状态 33
    exprassign  转到状态 34


状态 58

   47 boolexpr: expr EQOP . expr

    PLUS     偏移，并进入状态 15
    MINUS    偏移，并进入状态 16
    NOT      偏移，并进入状态 18
    ID       偏移，并进入状态 22
    INTEGER  偏移，并进入状态 23
    CHAR     偏移，并进入状态 24
    STRING   偏移，并进入状态 25

    expr        转到状态 81
    boolexpr    转到状态 33
    exprassign  转到状态 34


状态 59

   48 boolexpr: expr NEQOP . expr

    PLUS     偏移，并进入状态 15
    MINUS    偏移，并进入状态 16
    NOT      偏移，并进入状态 18
    ID       偏移，并进入状态 22
    INTEGER  偏移，并进入状态 23
    CHAR     偏移，并进入状态 24
    STRING   偏移，并进入状态 25

    expr        转到状态 82
    boolexpr    转到状态 33
    exprassign  转到状态 34


状态 60

   33 expr: expr MUL . expr

    PLUS     偏移，并进入状态 15
    MINUS    偏移，并进入状态 16
    NOT      偏移，并进入状态 18
    ID       偏移，并进入状态 22
    INTEGER  偏移，并进入状态 23
    CHAR     偏移，并进入状态 24
    STRING   偏移，并进入状态 25

    expr        转到状态 83
    boolexpr    转到状态 33
    exprassign  转到状态 34


状态 61

   34 expr: expr DIV . expr

    PLUS     偏移，并进入状态 15
    MINUS    偏移，并进入状态 16
    NOT      偏移，并进入状态 18
    ID       偏移，并进入状态 22
    INTEGER  偏移，并进入状态 23
    CHAR     偏移，并进入状态 24
    STRING   偏移，并进入状态 25

    expr        转到状态 84
    boolexpr    转到状态 33
    exprassign  转到状态 34


状态 62

   35 expr: expr MOD . expr

    PLUS     偏移，并进入状态 15
    MINUS    偏移，并进入状态 16
    NOT      偏移，并进入状态 18
    ID       偏移，并进入状态 22
    INTEGER  偏移，并进入状态 23
    CHAR     偏移，并进入状态 24
    STRING   偏移，并进入状态 25

    expr        转到状态 85
    boolexpr    转到状态 33
    exprassign  转到状态 34


状态 63

   40 boolexpr: expr AND . expr

    PLUS     偏移，并进入状态 15
    MINUS    偏移，并进入状态 16
    NOT      偏移，并进入状态 18
    ID       偏移，并进入状态 22
    INTEGER  偏移，并进入状态 23
    CHAR     偏移，并进入状态 24
    STRING   偏移，并进入状态 25

    expr        转到状态 86
    boolexpr    转到状态 33
    exprassign  转到状态 34


状态 64

   41 boolexpr: expr OR . expr

    PLUS     偏移，并进入状态 15
    MINUS    偏移，并进入状态 16
    NOT      偏移，并进入状态 18
    ID       偏移，并进入状态 22
    INTEGER  偏移，并进入状态 23
    CHAR     偏移，并进入状态 24
    STRING   偏移，并进入状态 25

    expr        转到状态 87
    boolexpr    转到状态 33
    exprassign  转到状态 34


状态 65

   23 declaration: T ID . ASSIGN expr
   26 idlist: ID .

    ASSIGN  偏移，并进入状态 88

    $default  使用规则 26 以归约 (idlist)


状态 66

   24 declaration: T idlist .
   25 idlist: idlist . COMMA ID

    COMMA  偏移，并进入状态 89

    $default  使用规则 24 以归约 (declaration)


状态 67

    6 statement: RETURN expr SEMI .

    $default  使用规则 6 以归约 (statement)


状态 68

    7 statement: IF LPAREN expr . RPAREN statement ELSE statement
    8          | IF LPAREN expr . RPAREN statement
   31 expr: expr . PLUS expr
   32     | expr . MINUS expr
   33     | expr . MUL expr
   34     | expr . DIV expr
   35     | expr . MOD expr
   40 boolexpr: expr . AND expr
   41         | expr . OR expr
   43         | expr . LOEOP expr
   44         | expr . GOEOP expr
   45         | expr . LESSOP expr
   46         | expr . GREOP expr
   47         | expr . EQOP expr
   48         | expr . NEQOP expr

    PLUS    偏移，并进入状态 51
    MINUS   偏移，并进入状态 52
    LOEOP   偏移，并进入状态 54
    GOEOP   偏移，并进入状态 55
    GREOP   偏移，并进入状态 56
    LESSOP  偏移，并进入状态 57
    EQOP    偏移，并进入状态 58
    NEQOP   偏移，并进入状态 59
    MUL     偏移，并进入状态 60
    DIV     偏移，并进入状态 61
    MOD     偏移，并进入状态 62
    AND     偏移，并进入状态 63
    OR      偏移，并进入状态 64
    RPAREN  偏移，并进入状态 90


状态 69

    9 statement: WHILE LPAREN expr . RPAREN statement
   31 expr: expr . PLUS expr
   32     | expr . MINUS expr
   33     | expr . MUL expr
   34     | expr . DIV expr
   35     | expr . MOD expr
   40 boolexpr: expr . AND expr
   41         | expr . OR expr
   43         | expr . LOEOP expr
   44         | expr . GOEOP expr
   45         | expr . LESSOP expr
   46         | expr . GREOP expr
   47         | expr . EQOP expr
   48         | expr . NEQOP expr

    PLUS    偏移，并进入状态 51
    MINUS   偏移，并进入状态 52
    LOEOP   偏移，并进入状态 54
    GOEOP   偏移，并进入状态 55
    GREOP   偏移，并进入状态 56
    LESSOP  偏移，并进入状态 57
    EQOP    偏移，并进入状态 58
    NEQOP   偏移，并进入状态 59
    MUL     偏移，并进入状态 60
    DIV     偏移，并进入状态 61
    MOD     偏移，并进入状态 62
    AND     偏移，并进入状态 63
    OR      偏移，并进入状态 64
    RPAREN  偏移，并进入状态 91


状态 70

   16 forstmt: FOR LPAREN statement . boolstmt exprassign RPAREN statement
   17        | FOR LPAREN statement . boolstmt RPAREN statement

    PLUS     偏移，并进入状态 15
    MINUS    偏移，并进入状态 16
    SEMI     偏移，并进入状态 92
    NOT      偏移，并进入状态 18
    ID       偏移，并进入状态 22
    INTEGER  偏移，并进入状态 23
    CHAR     偏移，并进入状态 24
    STRING   偏移，并进入状态 25

    boolstmt    转到状态 93
    expr        转到状态 94
    boolexpr    转到状态 95
    exprassign  转到状态 34


状态 71

   11 statement: PRINTF LPAREN expr . RPAREN SEMI
   31 expr: expr . PLUS expr
   32     | expr . MINUS expr
   33     | expr . MUL expr
   34     | expr . DIV expr
   35     | expr . MOD expr
   40 boolexpr: expr . AND expr
   41         | expr . OR expr
   43         | expr . LOEOP expr
   44         | expr . GOEOP expr
   45         | expr . LESSOP expr
   46         | expr . GREOP expr
   47         | expr . EQOP expr
   48         | expr . NEQOP expr

    PLUS    偏移，并进入状态 51
    MINUS   偏移，并进入状态 52
    LOEOP   偏移，并进入状态 54
    GOEOP   偏移，并进入状态 55
    GREOP   偏移，并进入状态 56
    LESSOP  偏移，并进入状态 57
    EQOP    偏移，并进入状态 58
    NEQOP   偏移，并进入状态 59
    MUL     偏移，并进入状态 60
    DIV     偏移，并进入状态 61
    MOD     偏移，并进入状态 62
    AND     偏移，并进入状态 63
    OR      偏移，并进入状态 64
    RPAREN  偏移，并进入状态 96


状态 72

   12 statement: SCANF LPAREN ID . RPAREN SEMI

    RPAREN  偏移，并进入状态 97


状态 73

   31 expr: expr . PLUS expr
   32     | expr . MINUS expr
   33     | expr . MUL expr
   34     | expr . DIV expr
   35     | expr . MOD expr
   40 boolexpr: expr . AND expr
   41         | expr . OR expr
   43         | expr . LOEOP expr
   44         | expr . GOEOP expr
   45         | expr . LESSOP expr
   46         | expr . GREOP expr
   47         | expr . EQOP expr
   48         | expr . NEQOP expr
   49 exprassign: ID ASSIGN expr .

    PLUS    偏移，并进入状态 51
    MINUS   偏移，并进入状态 52
    LOEOP   偏移，并进入状态 54
    GOEOP   偏移，并进入状态 55
    GREOP   偏移，并进入状态 56
    LESSOP  偏移，并进入状态 57
    EQOP    偏移，并进入状态 58
    NEQOP   偏移，并进入状态 59
    MUL     偏移，并进入状态 60
    DIV     偏移，并进入状态 61
    MOD     偏移，并进入状态 62
    AND     偏移，并进入状态 63
    OR      偏移，并进入状态 64

    $default  使用规则 49 以归约 (exprassign)


状态 74

   13 statement: lb statements rb .

    $default  使用规则 13 以归约 (statement)


状态 75

   31 expr: expr . PLUS expr
   31     | expr PLUS expr .
   32     | expr . MINUS expr
   33     | expr . MUL expr
   34     | expr . DIV expr
   35     | expr . MOD expr
   40 boolexpr: expr . AND expr
   41         | expr . OR expr
   43         | expr . LOEOP expr
   44         | expr . GOEOP expr
   45         | expr . LESSOP expr
   46         | expr . GREOP expr
   47         | expr . EQOP expr
   48         | expr . NEQOP expr

    MUL  偏移，并进入状态 60
    DIV  偏移，并进入状态 61
    MOD  偏移，并进入状态 62

    $default  使用规则 31 以归约 (expr)


状态 76

   31 expr: expr . PLUS expr
   32     | expr . MINUS expr
   32     | expr MINUS expr .
   33     | expr . MUL expr
   34     | expr . DIV expr
   35     | expr . MOD expr
   40 boolexpr: expr . AND expr
   41         | expr . OR expr
   43         | expr . LOEOP expr
   44         | expr . GOEOP expr
   45         | expr . LESSOP expr
   46         | expr . GREOP expr
   47         | expr . EQOP expr
   48         | expr . NEQOP expr

    MUL  偏移，并进入状态 60
    DIV  偏移，并进入状态 61
    MOD  偏移，并进入状态 62

    $default  使用规则 32 以归约 (expr)


状态 77

   31 expr: expr . PLUS expr
   32     | expr . MINUS expr
   33     | expr . MUL expr
   34     | expr . DIV expr
   35     | expr . MOD expr
   40 boolexpr: expr . AND expr
   41         | expr . OR expr
   43         | expr . LOEOP expr
   43         | expr LOEOP expr .
   44         | expr . GOEOP expr
   45         | expr . LESSOP expr
   46         | expr . GREOP expr
   47         | expr . EQOP expr
   48         | expr . NEQOP expr

    PLUS   偏移，并进入状态 51
    MINUS  偏移，并进入状态 52
    MUL    偏移，并进入状态 60
    DIV    偏移，并进入状态 61
    MOD    偏移，并进入状态 62

    $default  使用规则 43 以归约 (boolexpr)


状态 78

   31 expr: expr . PLUS expr
   32     | expr . MINUS expr
   33     | expr . MUL expr
   34     | expr . DIV expr
   35     | expr . MOD expr
   40 boolexpr: expr . AND expr
   41         | expr . OR expr
   43         | expr . LOEOP expr
   44         | expr . GOEOP expr
   44         | expr GOEOP expr .
   45         | expr . LESSOP expr
   46         | expr . GREOP expr
   47         | expr . EQOP expr
   48         | expr . NEQOP expr

    PLUS   偏移，并进入状态 51
    MINUS  偏移，并进入状态 52
    MUL    偏移，并进入状态 60
    DIV    偏移，并进入状态 61
    MOD    偏移，并进入状态 62

    $default  使用规则 44 以归约 (boolexpr)


状态 79

   31 expr: expr . PLUS expr
   32     | expr . MINUS expr
   33     | expr . MUL expr
   34     | expr . DIV expr
   35     | expr . MOD expr
   40 boolexpr: expr . AND expr
   41         | expr . OR expr
   43         | expr . LOEOP expr
   44         | expr . GOEOP expr
   45         | expr . LESSOP expr
   46         | expr . GREOP expr
   46         | expr GREOP expr .
   47         | expr . EQOP expr
   48         | expr . NEQOP expr

    PLUS   偏移，并进入状态 51
    MINUS  偏移，并进入状态 52
    MUL    偏移，并进入状态 60
    DIV    偏移，并进入状态 61
    MOD    偏移，并进入状态 62

    $default  使用规则 46 以归约 (boolexpr)


状态 80

   31 expr: expr . PLUS expr
   32     | expr . MINUS expr
   33     | expr . MUL expr
   34     | expr . DIV expr
   35     | expr . MOD expr
   40 boolexpr: expr . AND expr
   41         | expr . OR expr
   43         | expr . LOEOP expr
   44         | expr . GOEOP expr
   45         | expr . LESSOP expr
   45         | expr LESSOP expr .
   46         | expr . GREOP expr
   47         | expr . EQOP expr
   48         | expr . NEQOP expr

    PLUS   偏移，并进入状态 51
    MINUS  偏移，并进入状态 52
    MUL    偏移，并进入状态 60
    DIV    偏移，并进入状态 61
    MOD    偏移，并进入状态 62

    $default  使用规则 45 以归约 (boolexpr)


状态 81

   31 expr: expr . PLUS expr
   32     | expr . MINUS expr
   33     | expr . MUL expr
   34     | expr . DIV expr
   35     | expr . MOD expr
   40 boolexpr: expr . AND expr
   41         | expr . OR expr
   43         | expr . LOEOP expr
   44         | expr . GOEOP expr
   45         | expr . LESSOP expr
   46         | expr . GREOP expr
   47         | expr . EQOP expr
   47         | expr EQOP expr .
   48         | expr . NEQOP expr

    PLUS   偏移，并进入状态 51
    MINUS  偏移，并进入状态 52
    MUL    偏移，并进入状态 60
    DIV    偏移，并进入状态 61
    MOD    偏移，并进入状态 62

    $default  使用规则 47 以归约 (boolexpr)


状态 82

   31 expr: expr . PLUS expr
   32     | expr . MINUS expr
   33     | expr . MUL expr
   34     | expr . DIV expr
   35     | expr . MOD expr
   40 boolexpr: expr . AND expr
   41         | expr . OR expr
   43         | expr . LOEOP expr
   44         | expr . GOEOP expr
   45         | expr . LESSOP expr
   46         | expr . GREOP expr
   47         | expr . EQOP expr
   48         | expr . NEQOP expr
   48         | expr NEQOP expr .

    PLUS   偏移，并进入状态 51
    MINUS  偏移，并进入状态 52
    MUL    偏移，并进入状态 60
    DIV    偏移，并进入状态 61
    MOD    偏移，并进入状态 62

    $default  使用规则 48 以归约 (boolexpr)


状态 83

   31 expr: expr . PLUS expr
   32     | expr . MINUS expr
   33     | expr . MUL expr
   33     | expr MUL expr .
   34     | expr . DIV expr
   35     | expr . MOD expr
   40 boolexpr: expr . AND expr
   41         | expr . OR expr
   43         | expr . LOEOP expr
   44         | expr . GOEOP expr
   45         | expr . LESSOP expr
   46         | expr . GREOP expr
   47         | expr . EQOP expr
   48         | expr . NEQOP expr

    $default  使用规则 33 以归约 (expr)


状态 84

   31 expr: expr . PLUS expr
   32     | expr . MINUS expr
   33     | expr . MUL expr
   34     | expr . DIV expr
   34     | expr DIV expr .
   35     | expr . MOD expr
   40 boolexpr: expr . AND expr
   41         | expr . OR expr
   43         | expr . LOEOP expr
   44         | expr . GOEOP expr
   45         | expr . LESSOP expr
   46         | expr . GREOP expr
   47         | expr . EQOP expr
   48         | expr . NEQOP expr

    $default  使用规则 34 以归约 (expr)


状态 85

   31 expr: expr . PLUS expr
   32     | expr . MINUS expr
   33     | expr . MUL expr
   34     | expr . DIV expr
   35     | expr . MOD expr
   35     | expr MOD expr .
   40 boolexpr: expr . AND expr
   41         | expr . OR expr
   43         | expr . LOEOP expr
   44         | expr . GOEOP expr
   45         | expr . LESSOP expr
   46         | expr . GREOP expr
   47         | expr . EQOP expr
   48         | expr . NEQOP expr

    $default  使用规则 35 以归约 (expr)


状态 86

   31 expr: expr . PLUS expr
   32     | expr . MINUS expr
   33     | expr . MUL expr
   34     | expr . DIV expr
   35     | expr . MOD expr
   40 boolexpr: expr . AND expr
   40         | expr AND expr .
   41         | expr . OR expr
   43         | expr . LOEOP expr
   44         | expr . GOEOP expr
   45         | expr . LESSOP expr
   46         | expr . GREOP expr
   47         | expr . EQOP expr
   48         | expr . NEQOP expr

    PLUS    偏移，并进入状态 51
    MINUS   偏移，并进入状态 52
    LOEOP   偏移，并进入状态 54
    GOEOP   偏移，并进入状态 55
    GREOP   偏移，并进入状态 56
    LESSOP  偏移，并进入状态 57
    EQOP    偏移，并进入状态 58
    NEQOP   偏移，并进入状态 59
    MUL     偏移，并进入状态 60
    DIV     偏移，并进入状态 61
    MOD     偏移，并进入状态 62

    $default  使用规则 40 以归约 (boolexpr)


状态 87

   31 expr: expr . PLUS expr
   32     | expr . MINUS expr
   33     | expr . MUL expr
   34     | expr . DIV expr
   35     | expr . MOD expr
   40 boolexpr: expr . AND expr
   41         | expr . OR expr
   41         | expr OR expr .
   43         | expr . LOEOP expr
   44         | expr . GOEOP expr
   45         | expr . LESSOP expr
   46         | expr . GREOP expr
   47         | expr . EQOP expr
   48         | expr . NEQOP expr

    PLUS    偏移，并进入状态 51
    MINUS   偏移，并进入状态 52
    LOEOP   偏移，并进入状态 54
    GOEOP   偏移，并进入状态 55
    GREOP   偏移，并进入状态 56
    LESSOP  偏移，并进入状态 57
    EQOP    偏移，并进入状态 58
    NEQOP   偏移，并进入状态 59
    MUL     偏移，并进入状态 60
    DIV     偏移，并进入状态 61
    MOD     偏移，并进入状态 62
    AND     偏移，并进入状态 63

    $default  使用规则 41 以归约 (boolexpr)


状态 88

   23 declaration: T ID ASSIGN . expr

    PLUS     偏移，并进入状态 15
    MINUS    偏移，并进入状态 16
    NOT      偏移，并进入状态 18
    ID       偏移，并进入状态 22
    INTEGER  偏移，并进入状态 23
    CHAR     偏移，并进入状态 24
    STRING   偏移，并进入状态 25

    expr        转到状态 98
    boolexpr    转到状态 33
    exprassign  转到状态 34


状态 89

   25 idlist: idlist COMMA . ID

    ID  偏移，并进入状态 99


状态 90

    7 statement: IF LPAREN expr RPAREN . statement ELSE statement
    8          | IF LPAREN expr RPAREN . statement

    T_CHAR   偏移，并进入状态 1
    T_INT    偏移，并进入状态 2
    T_BOOL   偏移，并进入状态 3
    T_VOID   偏移，并进入状态 4
    RETURN   偏移，并进入状态 11
    IF       偏移，并进入状态 12
    WHILE    偏移，并进入状态 13
    FOR      偏移，并进入状态 14
    PLUS     偏移，并进入状态 15
    MINUS    偏移，并进入状态 16
    SEMI     偏移，并进入状态 17
    NOT      偏移，并进入状态 18
    LBRACE   偏移，并进入状态 19
    PRINTF   偏移，并进入状态 20
    SCANF    偏移，并进入状态 21
    ID       偏移，并进入状态 22
    INTEGER  偏移，并进入状态 23
    CHAR     偏移，并进入状态 24
    STRING   偏移，并进入状态 25

    statement    转到状态 100
    forstmt      转到状态 28
    exprstmt     转到状态 29
    lb           转到状态 30
    declaration  转到状态 31
    expr         转到状态 32
    boolexpr     转到状态 33
    exprassign   转到状态 34
    T            转到状态 35


状态 91

    9 statement: WHILE LPAREN expr RPAREN . statement

    T_CHAR   偏移，并进入状态 1
    T_INT    偏移，并进入状态 2
    T_BOOL   偏移，并进入状态 3
    T_VOID   偏移，并进入状态 4
    RETURN   偏移，并进入状态 11
    IF       偏移，并进入状态 12
    WHILE    偏移，并进入状态 13
    FOR      偏移，并进入状态 14
    PLUS     偏移，并进入状态 15
    MINUS    偏移，并进入状态 16
    SEMI     偏移，并进入状态 17
    NOT      偏移，并进入状态 18
    LBRACE   偏移，并进入状态 19
    PRINTF   偏移，并进入状态 20
    SCANF    偏移，并进入状态 21
    ID       偏移，并进入状态 22
    INTEGER  偏移，并进入状态 23
    CHAR     偏移，并进入状态 24
    STRING   偏移，并进入状态 25

    statement    转到状态 101
    forstmt      转到状态 28
    exprstmt     转到状态 29
    lb           转到状态 30
    declaration  转到状态 31
    expr         转到状态 32
    boolexpr     转到状态 33
    exprassign   转到状态 34
    T            转到状态 35


状态 92

   19 boolstmt: SEMI .

    $default  使用规则 19 以归约 (boolstmt)


状态 93

   16 forstmt: FOR LPAREN statement boolstmt . exprassign RPAREN statement
   17        | FOR LPAREN statement boolstmt . RPAREN statement

    RPAREN  偏移，并进入状态 102
    ID      偏移，并进入状态 103

    exprassign  转到状态 104


状态 94

   31 expr: expr . PLUS expr
   32     | expr . MINUS expr
   33     | expr . MUL expr
   34     | expr . DIV expr
   35     | expr . MOD expr
   40 boolexpr: expr . AND expr
   41         | expr . OR expr
   43         | expr . LOEOP expr
   44         | expr . GOEOP expr
   45         | expr . LESSOP expr
   46         | expr . GREOP expr
   47         | expr . EQOP expr
   48         | expr . NEQOP expr

    PLUS    偏移，并进入状态 51
    MINUS   偏移，并进入状态 52
    LOEOP   偏移，并进入状态 54
    GOEOP   偏移，并进入状态 55
    GREOP   偏移，并进入状态 56
    LESSOP  偏移，并进入状态 57
    EQOP    偏移，并进入状态 58
    NEQOP   偏移，并进入状态 59
    MUL     偏移，并进入状态 60
    DIV     偏移，并进入状态 61
    MOD     偏移，并进入状态 62
    AND     偏移，并进入状态 63
    OR      偏移，并进入状态 64


状态 95

   18 boolstmt: boolexpr . SEMI
   36 expr: boolexpr .

    SEMI  偏移，并进入状态 105

    $default  使用规则 36 以归约 (expr)


状态 96

   11 statement: PRINTF LPAREN expr RPAREN . SEMI

    SEMI  偏移，并进入状态 106


状态 97

   12 statement: SCANF LPAREN ID RPAREN . SEMI

    SEMI  偏移，并进入状态 107


状态 98

   23 declaration: T ID ASSIGN expr .
   31 expr: expr . PLUS expr
   32     | expr . MINUS expr
   33     | expr . MUL expr
   34     | expr . DIV expr
   35     | expr . MOD expr
   40 boolexpr: expr . AND expr
   41         | expr . OR expr
   43         | expr . LOEOP expr
   44         | expr . GOEOP expr
   45         | expr . LESSOP expr
   46         | expr . GREOP expr
   47         | expr . EQOP expr
   48         | expr . NEQOP expr

    PLUS    偏移，并进入状态 51
    MINUS   偏移，并进入状态 52
    LOEOP   偏移，并进入状态 54
    GOEOP   偏移，并进入状态 55
    GREOP   偏移，并进入状态 56
    LESSOP  偏移，并进入状态 57
    EQOP    偏移，并进入状态 58
    NEQOP   偏移，并进入状态 59
    MUL     偏移，并进入状态 60
    DIV     偏移，并进入状态 61
    MOD     偏移，并进入状态 62
    AND     偏移，并进入状态 63
    OR      偏移，并进入状态 64

    $default  使用规则 23 以归约 (declaration)


状态 99

   25 idlist: idlist COMMA ID .

    $default  使用规则 25 以归约 (idlist)


状态 100

    7 statement: IF LPAREN expr RPAREN statement . ELSE statement
    8          | IF LPAREN expr RPAREN statement .

    ELSE  偏移，并进入状态 108

    $default  使用规则 8 以归约 (statement)


状态 101

    9 statement: WHILE LPAREN expr RPAREN statement .

    $default  使用规则 9 以归约 (statement)


状态 102

   17 forstmt: FOR LPAREN statement boolstmt RPAREN . statement

    T_CHAR   偏移，并进入状态 1
    T_INT    偏移，并进入状态 2
    T_BOOL   偏移，并进入状态 3
    T_VOID   偏移，并进入状态 4
    RETURN   偏移，并进入状态 11
    IF       偏移，并进入状态 12
    WHILE    偏移，并进入状态 13
    FOR      偏移，并进入状态 14
    PLUS     偏移，并进入状态 15
    MINUS    偏移，并进入状态 16
    SEMI     偏移，并进入状态 17
    NOT      偏移，并进入状态 18
    LBRACE   偏移，并进入状态 19
    PRINTF   偏移，并进入状态 20
    SCANF    偏移，并进入状态 21
    ID       偏移，并进入状态 22
    INTEGER  偏移，并进入状态 23
    CHAR     偏移，并进入状态 24
    STRING   偏移，并进入状态 25

    statement    转到状态 109
    forstmt      转到状态 28
    exprstmt     转到状态 29
    lb           转到状态 30
    declaration  转到状态 31
    expr         转到状态 32
    boolexpr     转到状态 33
    exprassign   转到状态 34
    T            转到状态 35


状态 103

   49 exprassign: ID . ASSIGN expr

    ASSIGN  偏移，并进入状态 45


状态 104

   16 forstmt: FOR LPAREN statement boolstmt exprassign . RPAREN statement

    RPAREN  偏移，并进入状态 110


状态 105

   18 boolstmt: boolexpr SEMI .

    $default  使用规则 18 以归约 (boolstmt)


状态 106

   11 statement: PRINTF LPAREN expr RPAREN SEMI .

    $default  使用规则 11 以归约 (statement)


状态 107

   12 statement: SCANF LPAREN ID RPAREN SEMI .

    $default  使用规则 12 以归约 (statement)


状态 108

    7 statement: IF LPAREN expr RPAREN statement ELSE . statement

    T_CHAR   偏移，并进入状态 1
    T_INT    偏移，并进入状态 2
    T_BOOL   偏移，并进入状态 3
    T_VOID   偏移，并进入状态 4
    RETURN   偏移，并进入状态 11
    IF       偏移，并进入状态 12
    WHILE    偏移，并进入状态 13
    FOR      偏移，并进入状态 14
    PLUS     偏移，并进入状态 15
    MINUS    偏移，并进入状态 16
    SEMI     偏移，并进入状态 17
    NOT      偏移，并进入状态 18
    LBRACE   偏移，并进入状态 19
    PRINTF   偏移，并进入状态 20
    SCANF    偏移，并进入状态 21
    ID       偏移，并进入状态 22
    INTEGER  偏移，并进入状态 23
    CHAR     偏移，并进入状态 24
    STRING   偏移，并进入状态 25

    statement    转到状态 111
    forstmt      转到状态 28
    exprstmt     转到状态 29
    lb           转到状态 30
    declaration  转到状态 31
    expr         转到状态 32
    boolexpr     转到状态 33
    exprassign   转到状态 34
    T            转到状态 35


状态 109

   17 forstmt: FOR LPAREN statement boolstmt RPAREN statement .

    $default  使用规则 17 以归约 (forstmt)


状态 110

   16 forstmt: FOR LPAREN statement boolstmt exprassign RPAREN . statement

    T_CHAR   偏移，并进入状态 1
    T_INT    偏移，并进入状态 2
    T_BOOL   偏移，并进入状态 3
    T_VOID   偏移，并进入状态 4
    RETURN   偏移，并进入状态 11
    IF       偏移，并进入状态 12
    WHILE    偏移，并进入状态 13
    FOR      偏移，并进入状态 14
    PLUS     偏移，并进入状态 15
    MINUS    偏移，并进入状态 16
    SEMI     偏移，并进入状态 17
    NOT      偏移，并进入状态 18
    LBRACE   偏移，并进入状态 19
    PRINTF   偏移，并进入状态 20
    SCANF    偏移，并进入状态 21
    ID       偏移，并进入状态 22
    INTEGER  偏移，并进入状态 23
    CHAR     偏移，并进入状态 24
    STRING   偏移，并进入状态 25

    statement    转到状态 112
    forstmt      转到状态 28
    exprstmt     转到状态 29
    lb           转到状态 30
    declaration  转到状态 31
    expr         转到状态 32
    boolexpr     转到状态 33
    exprassign   转到状态 34
    T            转到状态 35


状态 111

    7 statement: IF LPAREN expr RPAREN statement ELSE statement .

    $default  使用规则 7 以归约 (statement)


状态 112

   16 forstmt: FOR LPAREN statement boolstmt exprassign RPAREN statement .

    $default  使用规则 16 以归约 (forstmt)
